<?xml version="1.0" encoding="UTF-8"?>
<testsuite xmlns:xsi="http://www.w3.org/2001/XMLSchema-instance" xsi:noNamespaceSchemaLocation="https://maven.apache.org/surefire/maven-surefire-plugin/xsd/surefire-test-report-3.0.xsd" version="3.0" name="com.example.biblioteca_api.controller.AutorControllerTest" time="4.847" tests="3" errors="0" skipped="0" failures="0">
  <properties>
[...]
</properties>
  <testcase name="testCriarAutorComSucesso" classname="com.example.biblioteca_api.controller.AutorControllerTest" time="0.411">
    <system-out><![CDATA[01:30:17.922 [main] INFO org.springframework.test.context.support.AnnotationConfigContextLoaderUtils -- Could not detect default configuration classes for test class [com.example.biblioteca_api.controller.AutorControllerTest]: AutorControllerTest does not declare any static, non-private, non-final, nested classes annotated with @Configuration.
01:30:18.042 [main] INFO org.springframework.boot.test.context.SpringBootTestContextBootstrapper -- Found @SpringBootConfiguration com.example.biblioteca_api.BibliotecaApiApplication for test class com.example.biblioteca_api.controller.AutorControllerTest
2025-11-18T01:30:18.385-03:00  INFO 3612 --- [biblioteca-api] [           main] c.e.b.controller.AutorControllerTest     : Starting AutorControllerTest using Java 21.0.8 with PID 3612 (started by Usuario in D:\Usuario\Desktop\Faculdade\JAVA - IntelliJ\Projeto Final - Topicos em Tec\biblioteca-api\Trab-Gestao-Qualidade-Testes)
2025-11-18T01:30:18.386-03:00  INFO 3612 --- [biblioteca-api] [           main] c.e.b.controller.AutorControllerTest     : The following 1 profile is active: "test"
2025-11-18T01:30:19.081-03:00  INFO 3612 --- [biblioteca-api] [           main] .s.d.r.c.RepositoryConfigurationDelegate : Bootstrapping Spring Data JPA repositories in DEFAULT mode.
2025-11-18T01:30:19.133-03:00  INFO 3612 --- [biblioteca-api] [           main] .s.d.r.c.RepositoryConfigurationDelegate : Finished Spring Data repository scanning in 44 ms. Found 3 JPA repository interfaces.
2025-11-18T01:30:19.461-03:00  INFO 3612 --- [biblioteca-api] [           main] o.hibernate.jpa.internal.util.LogHelper  : HHH000204: Processing PersistenceUnitInfo [name: default]
2025-11-18T01:30:19.516-03:00  INFO 3612 --- [biblioteca-api] [           main] org.hibernate.Version                    : HHH000412: Hibernate ORM core version 6.6.29.Final
2025-11-18T01:30:19.556-03:00  INFO 3612 --- [biblioteca-api] [           main] o.h.c.internal.RegionFactoryInitiator    : HHH000026: Second-level cache disabled
2025-11-18T01:30:19.823-03:00  INFO 3612 --- [biblioteca-api] [           main] o.s.o.j.p.SpringPersistenceUnitInfo      : No LoadTimeWeaver setup: ignoring JPA class transformer
2025-11-18T01:30:19.853-03:00  INFO 3612 --- [biblioteca-api] [           main] com.zaxxer.hikari.HikariDataSource       : HikariPool-1 - Starting...
2025-11-18T01:30:20.003-03:00  INFO 3612 --- [biblioteca-api] [           main] com.zaxxer.hikari.pool.HikariPool        : HikariPool-1 - Added connection conn0: url=jdbc:h2:mem:testdb user=SA
2025-11-18T01:30:20.005-03:00  INFO 3612 --- [biblioteca-api] [           main] com.zaxxer.hikari.HikariDataSource       : HikariPool-1 - Start completed.
2025-11-18T01:30:20.023-03:00  WARN 3612 --- [biblioteca-api] [           main] org.hibernate.orm.deprecation            : HHH90000025: H2Dialect does not need to be specified explicitly using 'hibernate.dialect' (remove the property setting and it will be selected by default)
2025-11-18T01:30:20.039-03:00  INFO 3612 --- [biblioteca-api] [           main] org.hibernate.orm.connections.pooling    : HHH10001005: Database info:
	Database JDBC URL [Connecting through datasource 'HikariDataSource (HikariPool-1)']
	Database driver: undefined/unknown
	Database version: 2.3.232
	Autocommit mode: undefined/unknown
	Isolation level: undefined/unknown
	Minimum pool size: undefined/unknown
	Maximum pool size: undefined/unknown
2025-11-18T01:30:20.635-03:00  INFO 3612 --- [biblioteca-api] [           main] o.h.e.t.j.p.i.JtaPlatformInitiator       : HHH000489: No JTA platform available (set 'hibernate.transaction.jta.platform' to enable JTA platform integration)
2025-11-18T01:30:20.646-03:00 DEBUG 3612 --- [biblioteca-api] [           main] org.hibernate.SQL                        : 
    drop table if exists autor cascade 
Hibernate: 
    drop table if exists autor cascade 
2025-11-18T01:30:20.648-03:00 DEBUG 3612 --- [biblioteca-api] [           main] org.hibernate.SQL                        : 
    drop table if exists editora cascade 
Hibernate: 
    drop table if exists editora cascade 
2025-11-18T01:30:20.649-03:00 DEBUG 3612 --- [biblioteca-api] [           main] org.hibernate.SQL                        : 
    drop table if exists livro cascade 
Hibernate: 
    drop table if exists livro cascade 
2025-11-18T01:30:20.652-03:00 DEBUG 3612 --- [biblioteca-api] [           main] org.hibernate.SQL                        : 
    create table autor (
        id bigint generated by default as identity,
        nome varchar(255) not null,
        pais varchar(255),
        primary key (id)
    )
Hibernate: 
    create table autor (
        id bigint generated by default as identity,
        nome varchar(255) not null,
        pais varchar(255),
        primary key (id)
    )
2025-11-18T01:30:20.658-03:00 DEBUG 3612 --- [biblioteca-api] [           main] org.hibernate.SQL                        : 
    create table editora (
        id bigint generated by default as identity,
        cidade varchar(255),
        nome varchar(255) not null,
        primary key (id)
    )
Hibernate: 
    create table editora (
        id bigint generated by default as identity,
        cidade varchar(255),
        nome varchar(255) not null,
        primary key (id)
    )
2025-11-18T01:30:20.659-03:00 DEBUG 3612 --- [biblioteca-api] [           main] org.hibernate.SQL                        : 
    create table livro (
        ano_publicacao integer,
        autor_id bigint not null,
        editora_id bigint not null,
        id bigint generated by default as identity,
        isbn varchar(255),
        titulo varchar(255) not null,
        primary key (id)
    )
Hibernate: 
    create table livro (
        ano_publicacao integer,
        autor_id bigint not null,
        editora_id bigint not null,
        id bigint generated by default as identity,
        isbn varchar(255),
        titulo varchar(255) not null,
        primary key (id)
    )
2025-11-18T01:30:20.660-03:00 DEBUG 3612 --- [biblioteca-api] [           main] org.hibernate.SQL                        : 
    alter table if exists livro 
       add constraint FKrp0atct0grsplospsqqay36vy 
       foreign key (autor_id) 
       references autor
Hibernate: 
    alter table if exists livro 
       add constraint FKrp0atct0grsplospsqqay36vy 
       foreign key (autor_id) 
       references autor
2025-11-18T01:30:20.670-03:00 DEBUG 3612 --- [biblioteca-api] [           main] org.hibernate.SQL                        : 
    alter table if exists livro 
       add constraint FK5xraqrxa0g1fgg2tib1c1ojpo 
       foreign key (editora_id) 
       references editora
Hibernate: 
    alter table if exists livro 
       add constraint FK5xraqrxa0g1fgg2tib1c1ojpo 
       foreign key (editora_id) 
       references editora
2025-11-18T01:30:20.674-03:00  INFO 3612 --- [biblioteca-api] [           main] j.LocalContainerEntityManagerFactoryBean : Initialized JPA EntityManagerFactory for persistence unit 'default'
2025-11-18T01:30:20.995-03:00  INFO 3612 --- [biblioteca-api] [           main] o.s.d.j.r.query.QueryEnhancerFactory     : Hibernate is in classpath; If applicable, HQL parser will be used.
2025-11-18T01:30:21.727-03:00  WARN 3612 --- [biblioteca-api] [           main] JpaBaseConfiguration$JpaWebConfiguration : spring.jpa.open-in-view is enabled by default. Therefore, database queries may be performed during view rendering. Explicitly configure spring.jpa.open-in-view to disable this warning
2025-11-18T01:30:21.759-03:00  INFO 3612 --- [biblioteca-api] [           main] o.s.b.a.w.s.WelcomePageHandlerMapping    : Adding welcome page template: index
2025-11-18T01:30:22.116-03:00  INFO 3612 --- [biblioteca-api] [           main] o.s.b.a.h2.H2ConsoleAutoConfiguration    : H2 console available at '/h2-console'. Database available at 'jdbc:h2:mem:testdb'
2025-11-18T01:30:22.168-03:00  INFO 3612 --- [biblioteca-api] [           main] c.e.b.controller.AutorControllerTest     : Started AutorControllerTest in 4.009 seconds (process running for 4.812)
2025-11-18T01:30:22.502-03:00 DEBUG 3612 --- [biblioteca-api] [           main] org.hibernate.SQL                        : 
    insert 
    into
        autor
        (nome, pais, id) 
    values
        (?, ?, default)
Hibernate: 
    insert 
    into
        autor
        (nome, pais, id) 
    values
        (?, ?, default)
2025-11-18T01:30:22.578-03:00 DEBUG 3612 --- [biblioteca-api] [           main] org.hibernate.SQL                        : 
    select
        count(*) 
    from
        autor a1_0 
    where
        a1_0.id=?
Hibernate: 
    select
        count(*) 
    from
        autor a1_0 
    where
        a1_0.id=?
]]></system-out>
    <system-err><![CDATA[Mockito is currently self-attaching to enable the inline-mock-maker. This will no longer work in future releases of the JDK. Please add Mockito as an agent to your build as described in Mockito's documentation: https://javadoc.io/doc/org.mockito/mockito-core/latest/org.mockito/org/mockito/Mockito.html#0.3
WARNING: A Java agent has been loaded dynamically (C:\Users\Usuario\.m2\repository\net\bytebuddy\byte-buddy-agent\1.17.7\byte-buddy-agent-1.17.7.jar)
WARNING: If a serviceability tool is in use, please run with -XX:+EnableDynamicAgentLoading to hide this warning
WARNING: If a serviceability tool is not in use, please run with -Djdk.instrument.traceUsage for more information
WARNING: Dynamic loading of agents will be disallowed by default in a future release
]]></system-err>
  </testcase>
  <testcase name="testDeletarAutorSemLivros" classname="com.example.biblioteca_api.controller.AutorControllerTest" time="0.036">
    <system-out><![CDATA[2025-11-18T01:30:22.594-03:00 DEBUG 3612 --- [biblioteca-api] [           main] org.hibernate.SQL                        : 
    insert 
    into
        autor
        (nome, pais, id) 
    values
        (?, ?, default)
Hibernate: 
    insert 
    into
        autor
        (nome, pais, id) 
    values
        (?, ?, default)
2025-11-18T01:30:22.596-03:00 DEBUG 3612 --- [biblioteca-api] [           main] org.hibernate.SQL                        : 
    select
        count(*) 
    from
        autor a1_0
Hibernate: 
    select
        count(*) 
    from
        autor a1_0
2025-11-18T01:30:22.611-03:00 DEBUG 3612 --- [biblioteca-api] [           main] org.hibernate.SQL                        : 
    select
        l1_0.id,
        l1_0.ano_publicacao,
        l1_0.autor_id,
        l1_0.editora_id,
        l1_0.isbn,
        l1_0.titulo 
    from
        livro l1_0 
    where
        l1_0.autor_id=?
Hibernate: 
    select
        l1_0.id,
        l1_0.ano_publicacao,
        l1_0.autor_id,
        l1_0.editora_id,
        l1_0.isbn,
        l1_0.titulo 
    from
        livro l1_0 
    where
        l1_0.autor_id=?
2025-11-18T01:30:22.623-03:00 DEBUG 3612 --- [biblioteca-api] [           main] org.hibernate.SQL                        : 
    delete 
    from
        autor 
    where
        id=?
Hibernate: 
    delete 
    from
        autor 
    where
        id=?
2025-11-18T01:30:22.624-03:00 DEBUG 3612 --- [biblioteca-api] [           main] org.hibernate.SQL                        : 
    select
        count(*) 
    from
        autor a1_0 
    where
        a1_0.id=?
Hibernate: 
    select
        count(*) 
    from
        autor a1_0 
    where
        a1_0.id=?
2025-11-18T01:30:22.625-03:00 DEBUG 3612 --- [biblioteca-api] [           main] org.hibernate.SQL                        : 
    select
        count(*) 
    from
        autor a1_0
Hibernate: 
    select
        count(*) 
    from
        autor a1_0
]]></system-out>
  </testcase>
  <testcase name="testListarAutores" classname="com.example.biblioteca_api.controller.AutorControllerTest" time="0.018">
    <system-out><![CDATA[2025-11-18T01:30:22.631-03:00 DEBUG 3612 --- [biblioteca-api] [           main] org.hibernate.SQL                        : 
    insert 
    into
        autor
        (nome, pais, id) 
    values
        (?, ?, default)
Hibernate: 
    insert 
    into
        autor
        (nome, pais, id) 
    values
        (?, ?, default)
2025-11-18T01:30:22.632-03:00 DEBUG 3612 --- [biblioteca-api] [           main] org.hibernate.SQL                        : 
    insert 
    into
        autor
        (nome, pais, id) 
    values
        (?, ?, default)
Hibernate: 
    insert 
    into
        autor
        (nome, pais, id) 
    values
        (?, ?, default)
2025-11-18T01:30:22.644-03:00 DEBUG 3612 --- [biblioteca-api] [           main] org.hibernate.SQL                        : 
    select
        a1_0.id,
        a1_0.nome,
        a1_0.pais 
    from
        autor a1_0
Hibernate: 
    select
        a1_0.id,
        a1_0.nome,
        a1_0.pais 
    from
        autor a1_0
]]></system-out>
  </testcase>
</testsuite>