<?xml version="1.0" encoding="UTF-8"?>
<testsuite xmlns:xsi="http://www.w3.org/2001/XMLSchema-instance" xsi:noNamespaceSchemaLocation="https://maven.apache.org/surefire/maven-surefire-plugin/xsd/surefire-test-report-3.0.xsd" version="3.0" name="com.example.biblioteca_api.controller.LivroControllerTest" time="0.053" tests="3" errors="0" skipped="0" failures="0">
  <properties>
[...]
</properties>
  <testcase name="testCriarLivroComAutorEEditoraValidos" classname="com.example.biblioteca_api.controller.LivroControllerTest" time="0.014">
    <system-out><![CDATA[2025-11-18T01:30:22.687-03:00  INFO 3612 --- [biblioteca-api] [           main] t.c.s.AnnotationConfigContextLoaderUtils : Could not detect default configuration classes for test class [com.example.biblioteca_api.controller.LivroControllerTest]: LivroControllerTest does not declare any static, non-private, non-final, nested classes annotated with @Configuration.
2025-11-18T01:30:22.689-03:00  INFO 3612 --- [biblioteca-api] [           main] .b.t.c.SpringBootTestContextBootstrapper : Found @SpringBootConfiguration com.example.biblioteca_api.BibliotecaApiApplication for test class com.example.biblioteca_api.controller.LivroControllerTest
2025-11-18T01:30:22.695-03:00 DEBUG 3612 --- [biblioteca-api] [           main] org.hibernate.SQL                        : 
    insert 
    into
        autor
        (nome, pais, id) 
    values
        (?, ?, default)
Hibernate: 
    insert 
    into
        autor
        (nome, pais, id) 
    values
        (?, ?, default)
2025-11-18T01:30:22.696-03:00 DEBUG 3612 --- [biblioteca-api] [           main] org.hibernate.SQL                        : 
    insert 
    into
        editora
        (cidade, nome, id) 
    values
        (?, ?, default)
Hibernate: 
    insert 
    into
        editora
        (cidade, nome, id) 
    values
        (?, ?, default)
2025-11-18T01:30:22.699-03:00 DEBUG 3612 --- [biblioteca-api] [           main] org.hibernate.SQL                        : 
    insert 
    into
        livro
        (ano_publicacao, autor_id, editora_id, isbn, titulo, id) 
    values
        (?, ?, ?, ?, ?, default)
Hibernate: 
    insert 
    into
        livro
        (ano_publicacao, autor_id, editora_id, isbn, titulo, id) 
    values
        (?, ?, ?, ?, ?, default)
2025-11-18T01:30:22.703-03:00 DEBUG 3612 --- [biblioteca-api] [           main] org.hibernate.SQL                        : 
    select
        count(*) 
    from
        livro l1_0 
    where
        l1_0.id=?
Hibernate: 
    select
        count(*) 
    from
        livro l1_0 
    where
        l1_0.id=?
]]></system-out>
  </testcase>
  <testcase name="testBuscarLivroPorTitulo" classname="com.example.biblioteca_api.controller.LivroControllerTest" time="0.017">
    <system-out><![CDATA[2025-11-18T01:30:22.710-03:00 DEBUG 3612 --- [biblioteca-api] [           main] org.hibernate.SQL                        : 
    insert 
    into
        autor
        (nome, pais, id) 
    values
        (?, ?, default)
Hibernate: 
    insert 
    into
        autor
        (nome, pais, id) 
    values
        (?, ?, default)
2025-11-18T01:30:22.711-03:00 DEBUG 3612 --- [biblioteca-api] [           main] org.hibernate.SQL                        : 
    insert 
    into
        editora
        (cidade, nome, id) 
    values
        (?, ?, default)
Hibernate: 
    insert 
    into
        editora
        (cidade, nome, id) 
    values
        (?, ?, default)
2025-11-18T01:30:22.713-03:00 DEBUG 3612 --- [biblioteca-api] [           main] org.hibernate.SQL                        : 
    insert 
    into
        livro
        (ano_publicacao, autor_id, editora_id, isbn, titulo, id) 
    values
        (?, ?, ?, ?, ?, default)
Hibernate: 
    insert 
    into
        livro
        (ano_publicacao, autor_id, editora_id, isbn, titulo, id) 
    values
        (?, ?, ?, ?, ?, default)
2025-11-18T01:30:22.720-03:00 DEBUG 3612 --- [biblioteca-api] [           main] org.hibernate.SQL                        : 
    select
        l1_0.id,
        l1_0.ano_publicacao,
        l1_0.autor_id,
        l1_0.editora_id,
        l1_0.isbn,
        l1_0.titulo 
    from
        livro l1_0 
    where
        upper(l1_0.titulo) like upper(?) escape '\'
Hibernate: 
    select
        l1_0.id,
        l1_0.ano_publicacao,
        l1_0.autor_id,
        l1_0.editora_id,
        l1_0.isbn,
        l1_0.titulo 
    from
        livro l1_0 
    where
        upper(l1_0.titulo) like upper(?) escape '\'
]]></system-out>
  </testcase>
  <testcase name="testAtualizarLivro" classname="com.example.biblioteca_api.controller.LivroControllerTest" time="0.012">
    <system-out><![CDATA[2025-11-18T01:30:22.728-03:00 DEBUG 3612 --- [biblioteca-api] [           main] org.hibernate.SQL                        : 
    insert 
    into
        autor
        (nome, pais, id) 
    values
        (?, ?, default)
Hibernate: 
    insert 
    into
        autor
        (nome, pais, id) 
    values
        (?, ?, default)
2025-11-18T01:30:22.730-03:00 DEBUG 3612 --- [biblioteca-api] [           main] org.hibernate.SQL                        : 
    insert 
    into
        editora
        (cidade, nome, id) 
    values
        (?, ?, default)
Hibernate: 
    insert 
    into
        editora
        (cidade, nome, id) 
    values
        (?, ?, default)
2025-11-18T01:30:22.731-03:00 DEBUG 3612 --- [biblioteca-api] [           main] org.hibernate.SQL                        : 
    insert 
    into
        livro
        (ano_publicacao, autor_id, editora_id, isbn, titulo, id) 
    values
        (?, ?, ?, ?, ?, default)
Hibernate: 
    insert 
    into
        livro
        (ano_publicacao, autor_id, editora_id, isbn, titulo, id) 
    values
        (?, ?, ?, ?, ?, default)
]]></system-out>
  </testcase>
</testsuite>